0 info it worked if it ends with ok
1 verbose cli [ 'F:\\Nodejs\\node.exe',
1 verbose cli   'F:\\Nodejs\\node_modules\\npm\\bin\\npm-cli.js',
1 verbose cli   'start' ]
2 info using npm@2.15.9
3 info using node@v4.6.1
4 verbose stack Error: ENOENT: no such file or directory, open 'E:\Weixin Projects\wespace\package.json'
4 verbose stack     at Error (native)
5 verbose cwd E:\Weixin Projects\wespace
6 error Windows_NT 6.2.9200
7 error argv "F:\\Nodejs\\node.exe" "F:\\Nodejs\\node_modules\\npm\\bin\\npm-cli.js" "start"
8 error node v4.6.1
9 error npm  v2.15.9
10 error path E:\Weixin Projects\wespace\package.json
11 error code ENOENT
12 error errno -4058
13 error syscall open
14 error enoent ENOENT: no such file or directory, open 'E:\Weixin Projects\wespace\package.json'
14 error enoent This is most likely not a problem with npm itself
14 error enoent and is related to npm not being able to find a file.
15 verbose exit [ -4058, true ]
